<?xml version="1.0" encoding="UTF-8"?>
<testsuite xmlns:xsi="http://www.w3.org/2001/XMLSchema-instance" xsi:noNamespaceSchemaLocation="https://maven.apache.org/surefire/maven-surefire-plugin/xsd/surefire-test-report-3.0.xsd" version="3.0" name="com.empresa.hrcore.unit.AbsenceServiceTest" time="1.69" tests="6" errors="0" skipped="0" failures="0">
  <properties>
[...]
</properties>
  <testcase name="testCrearSolicitudExitoso" classname="com.empresa.hrcore.unit.AbsenceServiceTest" time="1.596">
    <system-out><![CDATA[21:42:20.467 [main] INFO com.empresa.hrcore.application.services.AbsenceService -- Creando solicitud de vacaciones para empleado: 2a39b459-0b4a-411e-9ca5-462089e48368
21:42:20.489 [main] INFO com.empresa.hrcore.application.services.AbsenceService -- Solicitud creada: 7c2b4246-c7f3-474d-b2c9-de63ba8c4b31 (5 días) en estado BORRADOR
]]></system-out>
    <system-err><![CDATA[WARNING: A Java agent has been loaded dynamically (C:\Users\Usuario\.m2\repository\net\bytebuddy\byte-buddy-agent\1.14.16\byte-buddy-agent-1.14.16.jar)
WARNING: If a serviceability tool is in use, please run with -XX:+EnableDynamicAgentLoading to hide this warning
WARNING: If a serviceability tool is not in use, please run with -Djdk.instrument.traceUsage for more information
WARNING: Dynamic loading of agents will be disallowed by default in a future release
]]></system-err>
  </testcase>
  <testcase name="testCrearSolicitudSaldoInsuficiente" classname="com.empresa.hrcore.unit.AbsenceServiceTest" time="0.009">
    <system-out><![CDATA[21:42:20.536 [main] INFO com.empresa.hrcore.application.services.AbsenceService -- Creando solicitud de vacaciones para empleado: a1c16f95-a03e-4ac9-896f-5325929525f1
]]></system-out>
  </testcase>
  <testcase name="testTransicionInvalidaDeEstado" classname="com.empresa.hrcore.unit.AbsenceServiceTest" time="0.006">
    <system-out><![CDATA[21:42:20.546 [main] INFO com.empresa.hrcore.application.services.AbsenceService -- Aprobando solicitud: 7d066a0f-8b6a-4e61-ba82-47c63f1f007c
]]></system-out>
  </testcase>
  <testcase name="testEnviarSolicitudWorkflowState" classname="com.empresa.hrcore.unit.AbsenceServiceTest" time="0.01">
    <system-out><![CDATA[21:42:20.554 [main] INFO com.empresa.hrcore.application.services.AbsenceService -- Enviando solicitud: a5eea8be-923e-4599-ab66-0d6fb2beed78
21:42:20.557 [main] INFO com.empresa.hrcore.application.services.AbsenceService -- Solicitud a5eea8be-923e-4599-ab66-0d6fb2beed78 enviada → PENDIENTE_JEFE
]]></system-out>
  </testcase>
  <testcase name="testRechazarSolicitudWorkflowState" classname="com.empresa.hrcore.unit.AbsenceServiceTest" time="0.009">
    <system-out><![CDATA[21:42:20.564 [main] INFO com.empresa.hrcore.application.services.AbsenceService -- Rechazando solicitud: d4d37697-c850-4a70-8455-52ce17ca6960 — Motivo: No es posible en estas fechas
21:42:20.568 [main] INFO com.empresa.hrcore.application.services.AbsenceService -- Solicitud d4d37697-c850-4a70-8455-52ce17ca6960 rechazada
]]></system-out>
  </testcase>
  <testcase name="testAprobarSolicitudWorkflowStateYDescuentoSaldo" classname="com.empresa.hrcore.unit.AbsenceServiceTest" time="0.013">
    <system-out><![CDATA[21:42:20.575 [main] INFO com.empresa.hrcore.application.services.AbsenceService -- Aprobando solicitud: a1ca4b1b-af3e-4373-b8e9-b7a16522d1ae
21:42:20.579 [main] INFO com.empresa.hrcore.application.services.AbsenceService -- Solicitud a1ca4b1b-af3e-4373-b8e9-b7a16522d1ae aprobada. Saldo restante: 26 días
]]></system-out>
  </testcase>
</testsuite>